<?xml version="1.0" encoding="UTF-8"?>
<!-- Generated by org.testng.reporters.JUnitReportReporter -->
<testsuite skipped="0" hostname="DESKTOP-5ARAU77" name="com.w2a.testcases.CreateCustomerTest" tests="4" failures="0" timestamp="10 Mar 2022 08:25:24 GMT" time="5.310" errors="0">
  <testcase name="validateCreateCustomerAPIWithValidSecretKey" time="0.849" classname="com.w2a.testcases.CreateCustomerTest"/>
  <testcase name="validateCreateCustomerAPIWithValidSecretKey" time="0.805" classname="com.w2a.testcases.CreateCustomerTest"/>
  <testcase name="validateCreateCustomerAPIWithValidSecretKey" time="0.718" classname="com.w2a.testcases.CreateCustomerTest"/>
  <testcase name="validateCreateCustomerAPIWithInValidSecretKey" time="2.938" classname="com.w2a.testcases.CreateCustomerTest"/>
</testsuite> <!-- com.w2a.testcases.CreateCustomerTest -->
